<?xml version="1.0" encoding="UTF-8"?>
<!-- Generated by org.testng.reporters.JUnitXMLReporter -->
<testsuite hostname="DESKTOP-ONQP60F" ignored="2" name="Chrome" tests="2" failures="0" timestamp="2021-10-08T14:34:36 IST" time="63.354" errors="0">
  <testcase name="createContact" time="22.798" classname="com.createcontactwithbaseclass.TC_03createcontactwithbaseclass"/>
  <testcase name="createContact" time="10.836" classname="com.createcontactwithbaseclass.TC_04createcontactsbaseclass"/>
  <testcase name="@AfterSuite closeDB" time="0.0" classname="com.crm.vtiger.GenericUtils.BaseClass">
    <ignored/>
  </testcase> <!-- @AfterSuite closeDB -->
  <testcase name="@BeforeSuite connectDB" time="0.0" classname="com.crm.vtiger.GenericUtils.BaseClass">
    <ignored/>
  </testcase> <!-- @BeforeSuite connectDB -->
</testsuite> <!-- Chrome -->
