<?xml version="1.0" encoding="UTF-8"?>
<!-- Generated by org.testng.reporters.JUnitXMLReporter -->
<testsuite hostname="DESKTOP-ONQP60F" ignored="2" name="suite2" tests="2" failures="1" timestamp="2021-10-22T10:00:30 IST" time="45.559" errors="0">
  <testcase name="createContact" time="12.691" classname="com.createcontactwithbaseclass.TC_02createcontactswithbaseclass"/>
  <testcase name="createContact" time="7.185" classname="com.createcontactwithbaseclass.TC_01createcontact">
    <failure type="org.junit.ComparisonFailure" message="expected:&amp;lt;[A]&amp;gt; but was:&amp;lt;[a]&amp;gt;">
      <![CDATA[org.junit.ComparisonFailure: expected:<[A]> but was:<[a]>
at org.junit.Assert.assertEquals(Assert.java:125)
at org.junit.Assert.assertEquals(Assert.java:147)
at com.createcontactwithbaseclass.TC_01createcontact.createContact(TC_01createcontact.java:46)
at java.util.ArrayList.forEach(Unknown Source)
at java.util.concurrent.FutureTask.run(Unknown Source)
at java.util.concurrent.ThreadPoolExecutor.runWorker(Unknown Source)
at java.util.concurrent.ThreadPoolExecutor$Worker.run(Unknown Source)
at java.lang.Thread.run(Unknown Source)
... Removed 18 stack frames]]>
    </failure>
  </testcase> <!-- createContact -->
  <testcase name="@AfterSuite closeDB" time="0.0" classname="com.crm.vtiger.GenericUtils.BaseClass">
    <ignored/>
  </testcase> <!-- @AfterSuite closeDB -->
  <testcase name="@BeforeSuite connectDB" time="0.0" classname="com.crm.vtiger.GenericUtils.BaseClass">
    <ignored/>
  </testcase> <!-- @BeforeSuite connectDB -->
</testsuite> <!-- suite2 -->
