<?xml version="1.0" encoding="UTF-8"?>
<!-- Generated by org.testng.reporters.JUnitXMLReporter -->
<testsuite hostname="DESKTOP-ONQP60F" ignored="2" name="Test1" tests="2" failures="0" timestamp="2021-10-22T10:00:36 IST" time="52.704" errors="0">
  <testcase name="createContact" time="17.872" classname="com.createcontactwithbaseclass.TC_03createcontactwithbaseclass"/>
  <testcase name="createContact" time="8.273" classname="com.createcontactwithbaseclass.TC_04createcontactsbaseclass"/>
  <testcase name="@AfterSuite closeDB" time="0.0" classname="com.crm.vtiger.GenericUtils.BaseClass">
    <ignored/>
  </testcase> <!-- @AfterSuite closeDB -->
  <testcase name="@BeforeSuite connectDB" time="0.0" classname="com.crm.vtiger.GenericUtils.BaseClass">
    <ignored/>
  </testcase> <!-- @BeforeSuite connectDB -->
</testsuite> <!-- Test1 -->
