<?xml version="1.0" encoding="UTF-8"?>
<!-- Generated by org.testng.reporters.JUnitXMLReporter -->
<testsuite hostname="DESKTOP-ONQP60F" ignored="2" name="Testrunner-firefox" tests="2" failures="0" timestamp="2021-10-08T14:34:32 IST" time="59.821" errors="0">
  <testcase name="createContact" time="8.04" classname="com.createcontactwithbaseclass.TC_01createcontact"/>
  <testcase name="createContact" time="14.935" classname="com.createcontactwithbaseclass.TC_02createcontactswithbaseclass"/>
  <testcase name="@AfterSuite closeDB" time="0.0" classname="com.crm.vtiger.GenericUtils.BaseClass">
    <ignored/>
  </testcase> <!-- @AfterSuite closeDB -->
  <testcase name="@BeforeSuite connectDB" time="0.0" classname="com.crm.vtiger.GenericUtils.BaseClass">
    <ignored/>
  </testcase> <!-- @BeforeSuite connectDB -->
</testsuite> <!-- Testrunner-firefox -->
