<?xml version="1.0" encoding="UTF-8"?>
<testng-results skipped="0" failed="1" ignored="4" total="8" passed="3">
  <reporter-output>
  </reporter-output>
  <suite name="Suite" duration-ms="52704" started-at="2021-10-22T09:59:44 IST" finished-at="2021-10-22T10:00:36 IST">
    <groups>
      <group name="smoketest">
        <method signature="TC_03createcontactwithbaseclass.createContact()[pri:0, instance:com.createcontactwithbaseclass.TC_03createcontactwithbaseclass@52f759d7]" name="createContact" class="com.createcontactwithbaseclass.TC_03createcontactwithbaseclass"/>
        <method signature="TC_04createcontactsbaseclass.createContact()[pri:0, instance:com.createcontactwithbaseclass.TC_04createcontactsbaseclass@64f6106c]" name="createContact" class="com.createcontactwithbaseclass.TC_04createcontactsbaseclass"/>
        <method signature="TC_01createcontact.createContact()[pri:0, instance:com.createcontactwithbaseclass.TC_01createcontact@6eceb130]" name="createContact" class="com.createcontactwithbaseclass.TC_01createcontact"/>
        <method signature="TC_02createcontactswithbaseclass.createContact()[pri:0, instance:com.createcontactwithbaseclass.TC_02createcontactswithbaseclass@3578436e]" name="createContact" class="com.createcontactwithbaseclass.TC_02createcontactswithbaseclass"/>
      </group> <!-- smoketest -->
    </groups>
    <test name="suite2" duration-ms="45559" started-at="2021-10-22T09:59:44 IST" finished-at="2021-10-22T10:00:29 IST">
      <class name="com.createcontactwithbaseclass.TC_02createcontactswithbaseclass">
        <test-method status="PASS" signature="connectDB()[pri:0, instance:com.createcontactwithbaseclass.TC_02createcontactswithbaseclass@3578436e]" name="connectDB" is-config="true" duration-ms="9" started-at="2021-10-22T09:59:44 IST" finished-at="2021-10-22T09:59:44 IST">
          <reporter-output>
          </reporter-output>
        </test-method> <!-- connectDB -->
        <test-method status="PASS" signature="launchBrowser(java.lang.String)[pri:0, instance:com.createcontactwithbaseclass.TC_02createcontactswithbaseclass@3578436e]" name="launchBrowser" is-config="true" duration-ms="6535" started-at="2021-10-22T09:59:44 IST" finished-at="2021-10-22T09:59:51 IST">
          <params>
            <param index="0">
              <value>
                <![CDATA[chrome]]>
              </value>
            </param>
          </params>
          <reporter-output>
          </reporter-output>
        </test-method> <!-- launchBrowser -->
        <test-method status="PASS" signature="loginToApp()[pri:0, instance:com.createcontactwithbaseclass.TC_02createcontactswithbaseclass@3578436e]" name="loginToApp" is-config="true" duration-ms="5181" started-at="2021-10-22T09:59:51 IST" finished-at="2021-10-22T09:59:56 IST">
          <reporter-output>
          </reporter-output>
        </test-method> <!-- loginToApp -->
        <test-method status="PASS" signature="createContact()[pri:0, instance:com.createcontactwithbaseclass.TC_02createcontactswithbaseclass@3578436e]" name="createContact" duration-ms="12691" started-at="2021-10-22T09:59:56 IST" finished-at="2021-10-22T10:00:08 IST">
          <reporter-output>
          </reporter-output>
        </test-method> <!-- createContact -->
        <test-method status="PASS" signature="logoutofapp()[pri:0, instance:com.createcontactwithbaseclass.TC_02createcontactswithbaseclass@3578436e]" name="logoutofapp" is-config="true" duration-ms="2182" started-at="2021-10-22T10:00:08 IST" finished-at="2021-10-22T10:00:11 IST">
          <reporter-output>
          </reporter-output>
        </test-method> <!-- logoutofapp -->
        <test-method status="PASS" signature="closebrowser()[pri:0, instance:com.createcontactwithbaseclass.TC_02createcontactswithbaseclass@3578436e]" name="closebrowser" is-config="true" duration-ms="204" started-at="2021-10-22T10:00:11 IST" finished-at="2021-10-22T10:00:11 IST">
          <reporter-output>
          </reporter-output>
        </test-method> <!-- closebrowser -->
        <test-method status="PASS" signature="closeDB()[pri:0, instance:com.createcontactwithbaseclass.TC_02createcontactswithbaseclass@3578436e]" name="closeDB" is-config="true" duration-ms="0" started-at="2021-10-22T10:00:37 IST" finished-at="2021-10-22T10:00:37 IST">
          <reporter-output>
          </reporter-output>
        </test-method> <!-- closeDB -->
      </class> <!-- com.createcontactwithbaseclass.TC_02createcontactswithbaseclass -->
      <class name="com.createcontactwithbaseclass.TC_01createcontact">
        <test-method status="PASS" signature="launchBrowser(java.lang.String)[pri:0, instance:com.createcontactwithbaseclass.TC_01createcontact@6eceb130]" name="launchBrowser" is-config="true" duration-ms="2836" started-at="2021-10-22T10:00:11 IST" finished-at="2021-10-22T10:00:14 IST">
          <params>
            <param index="0">
              <value>
                <![CDATA[chrome]]>
              </value>
            </param>
          </params>
          <reporter-output>
          </reporter-output>
        </test-method> <!-- launchBrowser -->
        <test-method status="PASS" signature="loginToApp()[pri:0, instance:com.createcontactwithbaseclass.TC_01createcontact@6eceb130]" name="loginToApp" is-config="true" duration-ms="4488" started-at="2021-10-22T10:00:14 IST" finished-at="2021-10-22T10:00:18 IST">
          <reporter-output>
          </reporter-output>
        </test-method> <!-- loginToApp -->
        <test-method status="FAIL" signature="createContact()[pri:0, instance:com.createcontactwithbaseclass.TC_01createcontact@6eceb130]" name="createContact" duration-ms="7185" started-at="2021-10-22T10:00:18 IST" finished-at="2021-10-22T10:00:25 IST">
          <exception class="org.junit.ComparisonFailure">
            <message>
              <![CDATA[expected:<[A]> but was:<[a]>]]>
            </message>
            <full-stacktrace>
              <![CDATA[org.junit.ComparisonFailure: expected:<[A]> but was:<[a]>
at org.junit.Assert.assertEquals(Assert.java:125)
at org.junit.Assert.assertEquals(Assert.java:147)
at com.createcontactwithbaseclass.TC_01createcontact.createContact(TC_01createcontact.java:46)
at sun.reflect.NativeMethodAccessorImpl.invoke0(Native Method)
at sun.reflect.NativeMethodAccessorImpl.invoke(Unknown Source)
at sun.reflect.DelegatingMethodAccessorImpl.invoke(Unknown Source)
at java.lang.reflect.Method.invoke(Unknown Source)
at org.testng.internal.MethodInvocationHelper.invokeMethod(MethodInvocationHelper.java:133)
at org.testng.internal.TestInvoker.invokeMethod(TestInvoker.java:598)
at org.testng.internal.TestInvoker.invokeTestMethod(TestInvoker.java:173)
at org.testng.internal.MethodRunner.runInSequence(MethodRunner.java:46)
at org.testng.internal.TestInvoker$MethodInvocationAgent.invoke(TestInvoker.java:824)
at org.testng.internal.TestInvoker.invokeTestMethods(TestInvoker.java:146)
at org.testng.internal.TestMethodWorker.invokeTestMethods(TestMethodWorker.java:146)
at org.testng.internal.TestMethodWorker.run(TestMethodWorker.java:128)
at java.util.ArrayList.forEach(Unknown Source)
at org.testng.TestRunner.privateRun(TestRunner.java:794)
at org.testng.TestRunner.run(TestRunner.java:596)
at org.testng.SuiteRunner.runTest(SuiteRunner.java:377)
at org.testng.SuiteRunner.access$000(SuiteRunner.java:28)
at org.testng.SuiteRunner$SuiteWorker.run(SuiteRunner.java:418)
at org.testng.internal.thread.ThreadUtil.lambda$execute$0(ThreadUtil.java:64)
at java.util.concurrent.FutureTask.run(Unknown Source)
at java.util.concurrent.ThreadPoolExecutor.runWorker(Unknown Source)
at java.util.concurrent.ThreadPoolExecutor$Worker.run(Unknown Source)
at java.lang.Thread.run(Unknown Source)
]]>
            </full-stacktrace>
          </exception> <!-- org.junit.ComparisonFailure -->
          <reporter-output>
          </reporter-output>
        </test-method> <!-- createContact -->
        <test-method status="PASS" signature="logoutofapp()[pri:0, instance:com.createcontactwithbaseclass.TC_01createcontact@6eceb130]" name="logoutofapp" is-config="true" duration-ms="2745" started-at="2021-10-22T10:00:26 IST" finished-at="2021-10-22T10:00:29 IST">
          <reporter-output>
          </reporter-output>
        </test-method> <!-- logoutofapp -->
        <test-method status="PASS" signature="closebrowser()[pri:0, instance:com.createcontactwithbaseclass.TC_01createcontact@6eceb130]" name="closebrowser" is-config="true" duration-ms="170" started-at="2021-10-22T10:00:29 IST" finished-at="2021-10-22T10:00:29 IST">
          <reporter-output>
          </reporter-output>
        </test-method> <!-- closebrowser -->
      </class> <!-- com.createcontactwithbaseclass.TC_01createcontact -->
    </test> <!-- suite2 -->
    <test name="Test1" duration-ms="52704" started-at="2021-10-22T09:59:44 IST" finished-at="2021-10-22T10:00:36 IST">
      <class name="com.createcontactwithbaseclass.TC_04createcontactsbaseclass">
        <test-method status="PASS" signature="launchBrowser(java.lang.String)[pri:0, instance:com.createcontactwithbaseclass.TC_04createcontactsbaseclass@64f6106c]" name="launchBrowser" is-config="true" duration-ms="3831" started-at="2021-10-22T10:00:17 IST" finished-at="2021-10-22T10:00:21 IST">
          <params>
            <param index="0">
              <value>
                <![CDATA[chrome]]>
              </value>
            </param>
          </params>
          <reporter-output>
          </reporter-output>
        </test-method> <!-- launchBrowser -->
        <test-method status="PASS" signature="loginToApp()[pri:0, instance:com.createcontactwithbaseclass.TC_04createcontactsbaseclass@64f6106c]" name="loginToApp" is-config="true" duration-ms="4950" started-at="2021-10-22T10:00:21 IST" finished-at="2021-10-22T10:00:26 IST">
          <reporter-output>
          </reporter-output>
        </test-method> <!-- loginToApp -->
        <test-method status="PASS" signature="createContact()[pri:0, instance:com.createcontactwithbaseclass.TC_04createcontactsbaseclass@64f6106c]" name="createContact" duration-ms="8273" started-at="2021-10-22T10:00:26 IST" finished-at="2021-10-22T10:00:34 IST">
          <reporter-output>
          </reporter-output>
        </test-method> <!-- createContact -->
        <test-method status="PASS" signature="logoutofapp()[pri:0, instance:com.createcontactwithbaseclass.TC_04createcontactsbaseclass@64f6106c]" name="logoutofapp" is-config="true" duration-ms="2015" started-at="2021-10-22T10:00:34 IST" finished-at="2021-10-22T10:00:36 IST">
          <reporter-output>
          </reporter-output>
        </test-method> <!-- logoutofapp -->
        <test-method status="PASS" signature="closebrowser()[pri:0, instance:com.createcontactwithbaseclass.TC_04createcontactsbaseclass@64f6106c]" name="closebrowser" is-config="true" duration-ms="69" started-at="2021-10-22T10:00:36 IST" finished-at="2021-10-22T10:00:36 IST">
          <reporter-output>
          </reporter-output>
        </test-method> <!-- closebrowser -->
      </class> <!-- com.createcontactwithbaseclass.TC_04createcontactsbaseclass -->
      <class name="com.createcontactwithbaseclass.TC_03createcontactwithbaseclass">
        <test-method status="PASS" signature="launchBrowser(java.lang.String)[pri:0, instance:com.createcontactwithbaseclass.TC_03createcontactwithbaseclass@52f759d7]" name="launchBrowser" is-config="true" duration-ms="6368" started-at="2021-10-22T09:59:44 IST" finished-at="2021-10-22T09:59:50 IST">
          <params>
            <param index="0">
              <value>
                <![CDATA[chrome]]>
              </value>
            </param>
          </params>
          <reporter-output>
          </reporter-output>
        </test-method> <!-- launchBrowser -->
        <test-method status="PASS" signature="loginToApp()[pri:0, instance:com.createcontactwithbaseclass.TC_03createcontactwithbaseclass@52f759d7]" name="loginToApp" is-config="true" duration-ms="6258" started-at="2021-10-22T09:59:50 IST" finished-at="2021-10-22T09:59:57 IST">
          <reporter-output>
          </reporter-output>
        </test-method> <!-- loginToApp -->
        <test-method status="PASS" signature="createContact()[pri:0, instance:com.createcontactwithbaseclass.TC_03createcontactwithbaseclass@52f759d7]" name="createContact" duration-ms="17872" started-at="2021-10-22T09:59:57 IST" finished-at="2021-10-22T10:00:15 IST">
          <reporter-output>
          </reporter-output>
        </test-method> <!-- createContact -->
        <test-method status="PASS" signature="logoutofapp()[pri:0, instance:com.createcontactwithbaseclass.TC_03createcontactwithbaseclass@52f759d7]" name="logoutofapp" is-config="true" duration-ms="2504" started-at="2021-10-22T10:00:15 IST" finished-at="2021-10-22T10:00:17 IST">
          <reporter-output>
          </reporter-output>
        </test-method> <!-- logoutofapp -->
        <test-method status="PASS" signature="closebrowser()[pri:0, instance:com.createcontactwithbaseclass.TC_03createcontactwithbaseclass@52f759d7]" name="closebrowser" is-config="true" duration-ms="229" started-at="2021-10-22T10:00:17 IST" finished-at="2021-10-22T10:00:17 IST">
          <reporter-output>
          </reporter-output>
        </test-method> <!-- closebrowser -->
      </class> <!-- com.createcontactwithbaseclass.TC_03createcontactwithbaseclass -->
    </test> <!-- Test1 -->
  </suite> <!-- Suite -->
</testng-results>
